{"numFailedTestSuites":0,"numFailedTests":0,"numPassedTestSuites":2,"numPassedTests":16,"numPendingTestSuites":0,"numPendingTests":0,"numRuntimeErrorTestSuites":0,"numTodoTests":0,"numTotalTestSuites":2,"numTotalTests":16,"openHandles":[],"snapshot":{"added":0,"didUpdate":false,"failure":false,"filesAdded":0,"filesRemoved":0,"filesRemovedList":[],"filesUnmatched":0,"filesUpdated":0,"matched":0,"total":0,"unchecked":0,"uncheckedKeysByFile":[],"unmatched":0,"updated":0},"startTime":1764231497763,"success":true,"testResults":[{"assertionResults":[{"ancestorTitles":[],"failureMessages":[],"fullName":"renders TodoApp header","location":null,"status":"passed","title":"renders TodoApp header"}],"endTime":1764231500130,"message":"","name":"C:\\usr\\10_カコムス\\01_BSOL2G\\03_WORK\\10_Github Copilotセミナー\\10_src\\01_React_Sample\\todo-app\\src\\App.test.js","startTime":1764231498957,"status":"passed","summary":""},{"assertionResults":[{"ancestorTitles":["TodoApp コンポーネント"],"failureMessages":[],"fullName":"TodoApp コンポーネント 初期状態でタイトルが表示される","location":null,"status":"passed","title":"初期状態でタイトルが表示される"},{"ancestorTitles":["TodoApp コンポーネント"],"failureMessages":[],"fullName":"TodoApp コンポーネント 初期状態で「タスクはありません」と表示される","location":null,"status":"passed","title":"初期状態で「タスクはありません」と表示される"},{"ancestorTitles":["TodoApp コンポーネント"],"failureMessages":[],"fullName":"TodoApp コンポーネント 統計情報が正しく表示される","location":null,"status":"passed","title":"統計情報が正しく表示される"},{"ancestorTitles":["TodoApp コンポーネント"],"failureMessages":[],"fullName":"TodoApp コンポーネント タスクを追加できる","location":null,"status":"passed","title":"タスクを追加できる"},{"ancestorTitles":["TodoApp コンポーネント"],"failureMessages":[],"fullName":"TodoApp コンポーネント 空のタスクは追加されない","location":null,"status":"passed","title":"空のタスクは追加されない"},{"ancestorTitles":["TodoApp コンポーネント"],"failureMessages":[],"fullName":"TodoApp コンポーネント タスク追加後、入力フィールドがクリアされる","location":null,"status":"passed","title":"タスク追加後、入力フィールドがクリアされる"},{"ancestorTitles":["TodoApp コンポーネント"],"failureMessages":[],"fullName":"TodoApp コンポーネント タスクのチェックボックスでタスク完了状態を切り替える","location":null,"status":"passed","title":"タスクのチェックボックスでタスク完了状態を切り替える"},{"ancestorTitles":["TodoApp コンポーネント"],"failureMessages":[],"fullName":"TodoApp コンポーネント 削除ボタンでタスクが削除される","location":null,"status":"passed","title":"削除ボタンでタスクが削除される"},{"ancestorTitles":["TodoApp コンポーネント"],"failureMessages":[],"fullName":"TodoApp コンポーネント 複数のタスクを管理できる","location":null,"status":"passed","title":"複数のタスクを管理できる"},{"ancestorTitles":["TodoApp コンポーネント"],"failureMessages":[],"fullName":"TodoApp コンポーネント フィルタータブで未完了タスクのみ表示できる","location":null,"status":"passed","title":"フィルタータブで未完了タスクのみ表示できる"},{"ancestorTitles":["TodoApp コンポーネント"],"failureMessages":[],"fullName":"TodoApp コンポーネント フィルタータブで完了タスクのみ表示できる","location":null,"status":"passed","title":"フィルタータブで完了タスクのみ表示できる"},{"ancestorTitles":["TodoApp コンポーネント"],"failureMessages":[],"fullName":"TodoApp コンポーネント 統計情報が正しく更新される","location":null,"status":"passed","title":"統計情報が正しく更新される"},{"ancestorTitles":["TodoApp コンポーネント"],"failureMessages":[],"fullName":"TodoApp コンポーネント localStorage にデータが保存される","location":null,"status":"passed","title":"localStorage にデータが保存される"},{"ancestorTitles":["TodoApp コンポーネント"],"failureMessages":[],"fullName":"TodoApp コンポーネント localStorage から データが読み込まれる","location":null,"status":"passed","title":"localStorage から データが読み込まれる"},{"ancestorTitles":["TodoApp コンポーネント"],"failureMessages":[],"fullName":"TodoApp コンポーネント 完了済みを削除ボタンが完了タスクのみ削除する","location":null,"status":"passed","title":"完了済みを削除ボタンが完了タスクのみ削除する"}],"endTime":1764231500746,"message":"","name":"C:\\usr\\10_カコムス\\01_BSOL2G\\03_WORK\\10_Github Copilotセミナー\\10_src\\01_React_Sample\\todo-app\\src\\testApp.test.jsx","startTime":1764231498891,"status":"passed","summary":""}],"wasInterrupted":false}